TN:
SF:/home/babu/android_tools/latencytop/latencytop.c
FN:41,check_latencytop
FN:80,main
FN:201,read_global_stats
FN:228,read_process_stats
FN:258,read_thread_stats
FN:298,alloc_latency_entry
FN:315,free_latency_entry
FN:320,find_latency_entry
FN:334,set_latencytop
FN:348,erase_latency_file
FN:352,read_latency_file
FN:395,print_latency_entries
FN:434,signal_handler
FN:438,disable_latencytop
FN:442,clear_screen
FN:446,usage
FN:456,numcmp
FN:462,lat_cmp
FNDA:1,check_latencytop
FNDA:1,main
FNDA:848,read_global_stats
FNDA:0,read_process_stats
FNDA:0,read_thread_stats
FNDA:14639,alloc_latency_entry
FNDA:0,free_latency_entry
FNDA:21739,find_latency_entry
FNDA:2,set_latencytop
FNDA:0,erase_latency_file
FNDA:848,read_latency_file
FNDA:848,print_latency_entries
FNDA:1,signal_handler
FNDA:1,disable_latencytop
FNDA:848,clear_screen
FNDA:0,usage
FNDA:43379,numcmp
FNDA:43379,lat_cmp
FNF:18
FNH:13
BRDA:106,2,0,0
BRDA:106,2,1,1
BRDA:107,0,0,-
BRDA:107,0,1,-
BRDA:108,0,0,-
BRDA:108,0,1,-
BRDA:115,0,0,-
BRDA:115,0,1,-
BRDA:116,0,0,-
BRDA:116,0,1,-
BRDA:123,0,0,-
BRDA:123,0,1,-
BRDA:127,0,0,-
BRDA:127,0,1,-
BRDA:128,0,0,-
BRDA:128,0,1,-
BRDA:135,0,0,-
BRDA:135,0,1,-
BRDA:136,0,0,-
BRDA:136,0,1,-
BRDA:148,0,0,0
BRDA:148,0,1,1
BRDA:148,1,2,-
BRDA:148,1,3,-
BRDA:167,0,0,849
BRDA:167,0,1,0
BRDA:167,1,2,-
BRDA:167,1,3,-
BRDA:172,9999,0,0
BRDA:172,9999,1,848
BRDA:173,0,0,-
BRDA:173,0,1,-
BRDA:184,9999,0,0
BRDA:184,9999,1,848
BRDA:185,0,0,-
BRDA:185,0,1,-
BRDA:205,0,0,1
BRDA:205,0,1,847
BRDA:207,9999,0,0
BRDA:207,9999,1,1
BRDA:216,9999,0,0
BRDA:216,9999,1,848
BRDA:237,9999,0,-
BRDA:237,9999,1,-
BRDA:244,1,1,-
BRDA:244,1,2,-
BRDA:245,0,1,-
BRDA:245,0,2,-
BRDA:265,0,0,-
BRDA:265,0,1,-
BRDA:267,9999,0,-
BRDA:267,9999,1,-
BRDA:268,0,0,-
BRDA:268,0,1,-
BRDA:281,9999,0,-
BRDA:281,9999,1,-
BRDA:282,0,0,-
BRDA:282,0,1,-
BRDA:301,0,0,0
BRDA:301,0,1,14639
BRDA:306,0,0,0
BRDA:306,0,1,14639
BRDA:325,1,0,165948
BRDA:325,1,1,14639
BRDA:326,0,0,7100
BRDA:326,0,1,158848
BRDA:338,9999,0,0
BRDA:338,9999,1,2
BRDA:360,0,1,0
BRDA:360,0,2,848
BRDA:365,0,0,0
BRDA:365,0,1,848
BRDA:371,1,1,21739
BRDA:371,1,2,848
BRDA:373,0,0,0
BRDA:373,0,1,21739
BRDA:373,1,2,-
BRDA:373,1,3,-
BRDA:375,9999,0,7100
BRDA:375,9999,1,14639
BRDA:377,0,0,1242
BRDA:377,0,1,5858
BRDA:402,1,0,14639
BRDA:402,1,1,848
BRDA:409,0,0,0
BRDA:409,0,1,848
BRDA:413,2,0,14639
BRDA:413,2,1,848
BRDA:421,0,0,14639
BRDA:421,0,1,848
BRDA:457,0,0,15574
BRDA:457,0,1,27805
BRDA:458,0,0,27805
BRDA:458,0,1,0
BRF:94
BRH:35
DA:41,1
DA:80,1
DA:91,1
DA:92,1
DA:93,1
DA:106,1
DA:107,0
DA:108,0
DA:109,0
DA:110,0
DA:112,0
DA:113,0
DA:115,0
DA:116,0
DA:117,0
DA:118,0
DA:120,0
DA:121,0
DA:123,0
DA:124,0
DA:125,0
DA:127,0
DA:128,0
DA:129,0
DA:130,0
DA:132,0
DA:133,0
DA:135,0
DA:136,0
DA:137,0
DA:138,0
DA:140,0
DA:141,0
DA:143,0
DA:144,0
DA:145,0
DA:148,1
DA:149,0
DA:150,0
DA:153,1
DA:155,1
DA:157,1
DA:158,1
DA:160,1
DA:162,1
DA:164,1
DA:165,1
DA:167,849
DA:169,849
DA:171,848
DA:172,848
DA:173,0
DA:174,0
DA:176,0
DA:179,848
DA:181,848
DA:183,848
DA:184,848
DA:185,0
DA:186,0
DA:188,0
DA:191,848
DA:193,848
DA:196,0
DA:198,0
DA:201,848
DA:205,848
DA:206,1
DA:207,1
DA:208,0
DA:209,0
DA:211,1
DA:212,1
DA:215,848
DA:216,848
DA:217,0
DA:218,0
DA:221,848
DA:223,848
DA:225,848
DA:228,0
DA:235,0
DA:236,0
DA:237,0
DA:238,0
DA:239,0
DA:240,0
DA:243,0
DA:244,0
DA:245,0
DA:246,0
DA:248,0
DA:250,0
DA:253,0
DA:255,0
DA:258,0
DA:263,0
DA:265,0
DA:266,0
DA:267,0
DA:268,0
DA:269,0
DA:270,0
DA:271,0
DA:273,0
DA:276,0
DA:277,0
DA:280,0
DA:281,0
DA:282,0
DA:283,0
DA:284,0
DA:285,0
DA:287,0
DA:291,0
DA:293,0
DA:295,0
DA:298,14639
DA:301,14639
DA:302,0
DA:303,0
DA:305,14639
DA:306,14639
DA:307,0
DA:308,0
DA:312,14639
DA:315,0
DA:316,0
DA:317,0
DA:318,0
DA:320,21739
DA:323,21739
DA:325,180587
DA:326,165948
DA:327,7100
DA:328,158848
DA:331,14639
DA:334,2
DA:337,2
DA:338,2
DA:339,0
DA:340,0
DA:343,2
DA:345,2
DA:346,2
DA:348,0
DA:349,0
DA:350,0
DA:352,848
DA:358,848
DA:360,848
DA:361,0
DA:362,0
DA:365,848
DA:366,0
DA:367,0
DA:368,0
DA:371,22587
DA:372,21739
DA:373,21739
DA:374,21739
DA:375,21739
DA:376,7100
DA:377,7100
DA:378,1242
DA:379,7100
DA:381,14639
DA:382,14639
DA:383,14639
DA:384,14639
DA:385,14639
DA:386,14639
DA:387,14639
DA:392,848
DA:395,848
DA:400,848
DA:401,848
DA:402,15487
DA:403,14639
DA:404,14639
DA:407,848
DA:408,848
DA:409,848
DA:410,0
DA:411,0
DA:413,15487
DA:414,14639
DA:415,14639
DA:418,848
DA:420,848
DA:421,15487
DA:422,14639
DA:423,14639
DA:424,14639
DA:425,29278
DA:426,14639
DA:428,14639
DA:431,848
DA:432,848
DA:434,1
DA:435,1
DA:438,1
DA:439,1
DA:440,1
DA:442,848
DA:443,848
DA:444,848
DA:446,0
DA:447,0
DA:454,0
DA:456,43379
DA:457,43379
DA:458,27805
DA:459,0
DA:462,43379
DA:465,43379
DA:466,43379
DA:468,43379
LF:218
LH:113
end_of_record
